[debug] [2024-03-02T03:10:31.620Z] ----------------------------------------------------------------------
[debug] [2024-03-02T03:10:31.621Z] Command:       /usr/local/bin/node /usr/local/bin/firebase deploy
[debug] [2024-03-02T03:10:31.622Z] CLI Version:   11.24.0
[debug] [2024-03-02T03:10:31.622Z] Platform:      darwin
[debug] [2024-03-02T03:10:31.622Z] Node Version:  v21.6.0
[debug] [2024-03-02T03:10:31.622Z] Time:          Sat Mar 02 2024 10:10:31 GMT+0700 (Indochina Time)
[debug] [2024-03-02T03:10:31.622Z] ----------------------------------------------------------------------
[debug] 
[debug] [2024-03-02T03:10:31.623Z] >>> [apiv2][query] GET https://firebase-public.firebaseio.com/cli.json [none]
[debug] [2024-03-02T03:10:31.678Z] > command requires scopes: ["email","openid","https://www.googleapis.com/auth/cloudplatformprojects.readonly","https://www.googleapis.com/auth/firebase","https://www.googleapis.com/auth/cloud-platform"]
[debug] [2024-03-02T03:10:31.678Z] > authorizing via signed-in user (phongnguyen.itengineer@gmail.com)
[debug] [2024-03-02T03:10:31.678Z] [iam] checking project nguyenlephong-cv for permissions ["firebase.projects.get","firebasehosting.sites.update"]
[debug] [2024-03-02T03:10:31.678Z] > refreshing access token with scopes: []
[debug] [2024-03-02T03:10:31.679Z] >>> [apiv2][query] POST https://www.googleapis.com/oauth2/v3/token [none]
[debug] [2024-03-02T03:10:31.679Z] >>> [apiv2][body] POST https://www.googleapis.com/oauth2/v3/token [omitted]
[debug] [2024-03-02T03:10:31.846Z] <<< [apiv2][status] POST https://www.googleapis.com/oauth2/v3/token 200
[debug] [2024-03-02T03:10:31.846Z] <<< [apiv2][body] POST https://www.googleapis.com/oauth2/v3/token [omitted]
[debug] [2024-03-02T03:10:31.862Z] >>> [apiv2][query] POST https://cloudresourcemanager.googleapis.com/v1/projects/nguyenlephong-cv:testIamPermissions [none]
[debug] [2024-03-02T03:10:31.862Z] >>> [apiv2][(partial)header] POST https://cloudresourcemanager.googleapis.com/v1/projects/nguyenlephong-cv:testIamPermissions x-goog-quota-user=projects/nguyenlephong-cv
[debug] [2024-03-02T03:10:31.862Z] >>> [apiv2][body] POST https://cloudresourcemanager.googleapis.com/v1/projects/nguyenlephong-cv:testIamPermissions {"permissions":["firebase.projects.get","firebasehosting.sites.update"]}
[debug] [2024-03-02T03:10:32.168Z] <<< [apiv2][status] GET https://firebase-public.firebaseio.com/cli.json 200
[debug] [2024-03-02T03:10:32.168Z] <<< [apiv2][body] GET https://firebase-public.firebaseio.com/cli.json {"cloudBuildErrorAfter":1594252800000,"cloudBuildWarnAfter":1590019200000,"defaultNode10After":1594252800000,"minVersion":"3.0.5","node8DeploysDisabledAfter":1613390400000,"node8RuntimeDisabledAfter":1615809600000,"node8WarnAfter":1600128000000}
[debug] [2024-03-02T03:10:32.951Z] <<< [apiv2][status] POST https://cloudresourcemanager.googleapis.com/v1/projects/nguyenlephong-cv:testIamPermissions 200
[debug] [2024-03-02T03:10:32.951Z] <<< [apiv2][body] POST https://cloudresourcemanager.googleapis.com/v1/projects/nguyenlephong-cv:testIamPermissions {}
[debug] [2024-03-02T03:10:32.951Z] [iam] error while checking permissions, command may fail: FirebaseError: Authorization failed. This account is missing the following required permissions on project nguyenlephong-cv:

  firebase.projects.get
  firebasehosting.sites.update
[debug] [2024-03-02T03:10:32.952Z] >>> [apiv2][query] GET https://firebase.googleapis.com/v1beta1/projects/nguyenlephong-cv [none]
[debug] [2024-03-02T03:10:33.311Z] <<< [apiv2][status] GET https://firebase.googleapis.com/v1beta1/projects/nguyenlephong-cv 403
[debug] [2024-03-02T03:10:33.312Z] <<< [apiv2][body] GET https://firebase.googleapis.com/v1beta1/projects/nguyenlephong-cv {"error":{"code":403,"message":"The caller does not have permission","status":"PERMISSION_DENIED"}}
[debug] [2024-03-02T03:10:33.314Z] HTTP Error: 403, The caller does not have permission
[debug] [2024-03-02T03:10:33.470Z] FirebaseError: HTTP Error: 403, The caller does not have permission
    at responseToError (/usr/local/lib/node_modules/firebase-tools/lib/responseToError.js:49:12)
    at RetryOperation._fn (/usr/local/lib/node_modules/firebase-tools/lib/apiv2.js:288:77)
    at process.processTicksAndRejections (node:internal/process/task_queues:95:5)
[error] 
[error] Error: Failed to get Firebase project nguyenlephong-cv. Please make sure the project exists and your account has permission to access it.
